  Geri y├╝klenecek projeler belirleniyor...
  Geri y├╝kleme i├ğin t├╝m projeler g├╝ncel.
CSC : error CS5001: Program, giri┼ş noktas─▒ i├ğin uygun bir statik 'Main' y├Ântemi i├ğermiyor [C:\Antigravity Proje\KamatekCRM\KamatekCrm\KamatekCrm_wiagfzdx_wpftmp.csproj]
C:\Antigravity Proje\KamatekCRM\KamatekCrm\MainWindow.xaml.cs(13,13): error CS0103: 'InitializeComponent' ad─▒ ge├ğerli ba─şlamda yok [C:\Antigravity Proje\KamatekCRM\KamatekCrm\KamatekCrm_wiagfzdx_wpftmp.csproj]
C:\Antigravity Proje\KamatekCRM\KamatekCrm\Helpers\EnumToVisibilityConverter.cs(15,33): warning CS8600: Null sabit de─şeri veya olas─▒ null de─şeri, bo┼ş de─şer atanamaz t├╝re d├Ân├╝┼şt├╝r├╝l├╝yor. [C:\Antigravity Proje\KamatekCRM\KamatekCrm\KamatekCrm_wiagfzdx_wpftmp.csproj]
C:\Antigravity Proje\KamatekCRM\KamatekCrm\Helpers\EnumToVisibilityConverter.cs(16,34): warning CS8600: Null sabit de─şeri veya olas─▒ null de─şeri, bo┼ş de─şer atanamaz t├╝re d├Ân├╝┼şt├╝r├╝l├╝yor. [C:\Antigravity Proje\KamatekCRM\KamatekCrm\KamatekCrm_wiagfzdx_wpftmp.csproj]
C:\Antigravity Proje\KamatekCRM\KamatekCrm\Helpers\EnumToVisibilityConverter.cs(19,20): warning CS8602: Olas─▒ bir null ba┼şvurunun ba┼şvurma i┼şlemi. [C:\Antigravity Proje\KamatekCRM\KamatekCrm\KamatekCrm_wiagfzdx_wpftmp.csproj]
C:\Antigravity Proje\KamatekCRM\KamatekCrm\Views\ServiceJobsView.xaml.cs(12,13): error CS0103: 'InitializeComponent' ad─▒ ge├ğerli ba─şlamda yok [C:\Antigravity Proje\KamatekCRM\KamatekCrm\KamatekCrm_wiagfzdx_wpftmp.csproj]
C:\Antigravity Proje\KamatekCRM\KamatekCrm\Views\AddProductWindow.xaml.cs(24,13): error CS0103: 'InitializeComponent' ad─▒ ge├ğerli ba─şlamda yok [C:\Antigravity Proje\KamatekCRM\KamatekCrm\KamatekCrm_wiagfzdx_wpftmp.csproj]
C:\Antigravity Proje\KamatekCRM\KamatekCrm\Views\ProjectWorkflowWindow.xaml.cs(13,13): error CS0103: 'InitializeComponent' ad─▒ ge├ğerli ba─şlamda yok [C:\Antigravity Proje\KamatekCRM\KamatekCrm\KamatekCrm_wiagfzdx_wpftmp.csproj]
C:\Antigravity Proje\KamatekCRM\KamatekCrm\Views\ProductsView.xaml.cs(12,13): error CS0103: 'InitializeComponent' ad─▒ ge├ğerli ba─şlamda yok [C:\Antigravity Proje\KamatekCRM\KamatekCrm\KamatekCrm_wiagfzdx_wpftmp.csproj]
C:\Antigravity Proje\KamatekCRM\KamatekCrm\Views\NewServiceJobWindow.xaml.cs(14,13): error CS0103: 'InitializeComponent' ad─▒ ge├ğerli ba─şlamda yok [C:\Antigravity Proje\KamatekCRM\KamatekCrm\KamatekCrm_wiagfzdx_wpftmp.csproj]
C:\Antigravity Proje\KamatekCRM\KamatekCrm\Views\NewServiceJobWindow.xaml.cs(20,13): error CS0103: 'InitializeComponent' ad─▒ ge├ğerli ba─şlamda yok [C:\Antigravity Proje\KamatekCRM\KamatekCrm\KamatekCrm_wiagfzdx_wpftmp.csproj]
C:\Antigravity Proje\KamatekCRM\KamatekCrm\Views\MainContentView.xaml.cs(12,13): error CS0103: 'InitializeComponent' ad─▒ ge├ğerli ba─şlamda yok [C:\Antigravity Proje\KamatekCRM\KamatekCrm\KamatekCrm_wiagfzdx_wpftmp.csproj]
C:\Antigravity Proje\KamatekCRM\KamatekCrm\Views\LoginView.xaml.cs(14,13): error CS0103: 'InitializeComponent' ad─▒ ge├ğerli ba─şlamda yok [C:\Antigravity Proje\KamatekCRM\KamatekCrm\KamatekCrm_wiagfzdx_wpftmp.csproj]
C:\Antigravity Proje\KamatekCRM\KamatekCrm\Views\LoginView.xaml.cs(17,33): error CS0103: 'UsernameTextBox' ad─▒ ge├ğerli ba─şlamda yok [C:\Antigravity Proje\KamatekCRM\KamatekCrm\KamatekCrm_wiagfzdx_wpftmp.csproj]
C:\Antigravity Proje\KamatekCRM\KamatekCrm\Views\LoginView.xaml.cs(27,38): error CS0120: 'PasswordBox.Password' statik olmayan alan─▒, y├Ântemi veya ├Âzelli─şi i├ğin nesne ba┼şvurusu gerekiyor [C:\Antigravity Proje\KamatekCRM\KamatekCrm\KamatekCrm_wiagfzdx_wpftmp.csproj]
C:\Antigravity Proje\KamatekCRM\KamatekCrm\Views\LoginView.xaml.cs(38,38): error CS0120: 'PasswordBox.Password' statik olmayan alan─▒, y├Ântemi veya ├Âzelli─şi i├ğin nesne ba┼şvurusu gerekiyor [C:\Antigravity Proje\KamatekCRM\KamatekCrm\KamatekCrm_wiagfzdx_wpftmp.csproj]
C:\Antigravity Proje\KamatekCRM\KamatekCrm\Views\CustomerDetailView.xaml.cs(14,13): error CS0103: 'InitializeComponent' ad─▒ ge├ğerli ba─şlamda yok [C:\Antigravity Proje\KamatekCRM\KamatekCrm\KamatekCrm_wiagfzdx_wpftmp.csproj]
C:\Antigravity Proje\KamatekCRM\KamatekCrm\Views\AddUserView.xaml.cs(13,13): error CS0103: 'InitializeComponent' ad─▒ ge├ğerli ba─şlamda yok [C:\Antigravity Proje\KamatekCRM\KamatekCrm\KamatekCrm_wiagfzdx_wpftmp.csproj]
C:\Antigravity Proje\KamatekCRM\KamatekCrm\Views\AddUserView.xaml.cs(22,33): error CS0103: 'AdTextBox' ad─▒ ge├ğerli ba─şlamda yok [C:\Antigravity Proje\KamatekCRM\KamatekCrm\KamatekCrm_wiagfzdx_wpftmp.csproj]
C:\Antigravity Proje\KamatekCRM\KamatekCrm\Views\AddUserView.xaml.cs(30,13): error CS0103: 'AdTextBox' ad─▒ ge├ğerli ba─şlamda yok [C:\Antigravity Proje\KamatekCRM\KamatekCrm\KamatekCrm_wiagfzdx_wpftmp.csproj]
C:\Antigravity Proje\KamatekCRM\KamatekCrm\Views\AddUserView.xaml.cs(31,13): error CS0103: 'AdTextBox' ad─▒ ge├ğerli ba─şlamda yok [C:\Antigravity Proje\KamatekCRM\KamatekCrm\KamatekCrm_wiagfzdx_wpftmp.csproj]
C:\Antigravity Proje\KamatekCRM\KamatekCrm\Views\FaultTicketWindow.xaml.cs(13,13): error CS0103: 'InitializeComponent' ad─▒ ge├ğerli ba─şlamda yok [C:\Antigravity Proje\KamatekCRM\KamatekCrm\KamatekCrm_wiagfzdx_wpftmp.csproj]
C:\Antigravity Proje\KamatekCRM\KamatekCrm\ViewModels\AddProductViewModel.cs(36,16): warning CS8618: Null atanamaz alan '_currentSpecs', olu┼şturucudan ├ğ─▒k─▒┼ş yaparken null olmayan bir de─şer i├ğermelidir. 'Gerekli' de─şi┼ştiricisini ekleyin veya alan de─şerini null atanabilir olarak bildirmeyi g├Âz ├Ân├╝nde bulundurun. [C:\Antigravity Proje\KamatekCRM\KamatekCrm\KamatekCrm_wiagfzdx_wpftmp.csproj]
C:\Antigravity Proje\KamatekCRM\KamatekCrm\ViewModels\AddProductViewModel.cs(36,16): warning CS8618: Null atanamaz alan '_newProduct', olu┼şturucudan ├ğ─▒k─▒┼ş yaparken null olmayan bir de─şer i├ğermelidir. 'Gerekli' de─şi┼ştiricisini ekleyin veya alan de─şerini null atanabilir olarak bildirmeyi g├Âz ├Ân├╝nde bulundurun. [C:\Antigravity Proje\KamatekCRM\KamatekCrm\KamatekCrm_wiagfzdx_wpftmp.csproj]
C:\Antigravity Proje\KamatekCRM\KamatekCrm\Views\CustomersView.xaml.cs(14,13): error CS0103: 'InitializeComponent' ad─▒ ge├ğerli ba─şlamda yok [C:\Antigravity Proje\KamatekCRM\KamatekCrm\KamatekCrm_wiagfzdx_wpftmp.csproj]
C:\Antigravity Proje\KamatekCRM\KamatekCrm\ViewModels\ProjectWorkflowViewModel.cs(26,22): warning CS0169: 'ProjectWorkflowViewModel._isPhase1Complete' alan─▒ hi├ğbir zaman kullan─▒lmaz [C:\Antigravity Proje\KamatekCRM\KamatekCrm\KamatekCrm_wiagfzdx_wpftmp.csproj]
C:\Antigravity Proje\KamatekCRM\KamatekCrm\ViewModels\ProjectWorkflowViewModel.cs(27,22): warning CS0169: 'ProjectWorkflowViewModel._isPhase2Complete' alan─▒ hi├ğbir zaman kullan─▒lmaz [C:\Antigravity Proje\KamatekCRM\KamatekCrm\KamatekCrm_wiagfzdx_wpftmp.csproj]
C:\Antigravity Proje\KamatekCRM\KamatekCrm\ViewModels\ProjectWorkflowViewModel.cs(29,22): warning CS0169: 'ProjectWorkflowViewModel._isPhase4Complete' alan─▒ hi├ğbir zaman kullan─▒lmaz [C:\Antigravity Proje\KamatekCRM\KamatekCrm\KamatekCrm_wiagfzdx_wpftmp.csproj]
C:\Antigravity Proje\KamatekCRM\KamatekCrm\ViewModels\ProjectWorkflowViewModel.cs(28,22): warning CS0169: 'ProjectWorkflowViewModel._isPhase3Complete' alan─▒ hi├ğbir zaman kullan─▒lmaz [C:\Antigravity Proje\KamatekCRM\KamatekCrm\KamatekCrm_wiagfzdx_wpftmp.csproj]

Olu┼şturma BA┼ŞARISIZ OLDU.

C:\Antigravity Proje\KamatekCRM\KamatekCrm\Helpers\EnumToVisibilityConverter.cs(15,33): warning CS8600: Null sabit de─şeri veya olas─▒ null de─şeri, bo┼ş de─şer atanamaz t├╝re d├Ân├╝┼şt├╝r├╝l├╝yor. [C:\Antigravity Proje\KamatekCRM\KamatekCrm\KamatekCrm_wiagfzdx_wpftmp.csproj]
C:\Antigravity Proje\KamatekCRM\KamatekCrm\Helpers\EnumToVisibilityConverter.cs(16,34): warning CS8600: Null sabit de─şeri veya olas─▒ null de─şeri, bo┼ş de─şer atanamaz t├╝re d├Ân├╝┼şt├╝r├╝l├╝yor. [C:\Antigravity Proje\KamatekCRM\KamatekCrm\KamatekCrm_wiagfzdx_wpftmp.csproj]
C:\Antigravity Proje\KamatekCRM\KamatekCrm\Helpers\EnumToVisibilityConverter.cs(19,20): warning CS8602: Olas─▒ bir null ba┼şvurunun ba┼şvurma i┼şlemi. [C:\Antigravity Proje\KamatekCRM\KamatekCrm\KamatekCrm_wiagfzdx_wpftmp.csproj]
C:\Antigravity Proje\KamatekCRM\KamatekCrm\ViewModels\AddProductViewModel.cs(36,16): warning CS8618: Null atanamaz alan '_currentSpecs', olu┼şturucudan ├ğ─▒k─▒┼ş yaparken null olmayan bir de─şer i├ğermelidir. 'Gerekli' de─şi┼ştiricisini ekleyin veya alan de─şerini null atanabilir olarak bildirmeyi g├Âz ├Ân├╝nde bulundurun. [C:\Antigravity Proje\KamatekCRM\KamatekCrm\KamatekCrm_wiagfzdx_wpftmp.csproj]
C:\Antigravity Proje\KamatekCRM\KamatekCrm\ViewModels\AddProductViewModel.cs(36,16): warning CS8618: Null atanamaz alan '_newProduct', olu┼şturucudan ├ğ─▒k─▒┼ş yaparken null olmayan bir de─şer i├ğermelidir. 'Gerekli' de─şi┼ştiricisini ekleyin veya alan de─şerini null atanabilir olarak bildirmeyi g├Âz ├Ân├╝nde bulundurun. [C:\Antigravity Proje\KamatekCRM\KamatekCrm\KamatekCrm_wiagfzdx_wpftmp.csproj]
C:\Antigravity Proje\KamatekCRM\KamatekCrm\ViewModels\ProjectWorkflowViewModel.cs(26,22): warning CS0169: 'ProjectWorkflowViewModel._isPhase1Complete' alan─▒ hi├ğbir zaman kullan─▒lmaz [C:\Antigravity Proje\KamatekCRM\KamatekCrm\KamatekCrm_wiagfzdx_wpftmp.csproj]
C:\Antigravity Proje\KamatekCRM\KamatekCrm\ViewModels\ProjectWorkflowViewModel.cs(27,22): warning CS0169: 'ProjectWorkflowViewModel._isPhase2Complete' alan─▒ hi├ğbir zaman kullan─▒lmaz [C:\Antigravity Proje\KamatekCRM\KamatekCrm\KamatekCrm_wiagfzdx_wpftmp.csproj]
C:\Antigravity Proje\KamatekCRM\KamatekCrm\ViewModels\ProjectWorkflowViewModel.cs(29,22): warning CS0169: 'ProjectWorkflowViewModel._isPhase4Complete' alan─▒ hi├ğbir zaman kullan─▒lmaz [C:\Antigravity Proje\KamatekCRM\KamatekCrm\KamatekCrm_wiagfzdx_wpftmp.csproj]
C:\Antigravity Proje\KamatekCRM\KamatekCrm\ViewModels\ProjectWorkflowViewModel.cs(28,22): warning CS0169: 'ProjectWorkflowViewModel._isPhase3Complete' alan─▒ hi├ğbir zaman kullan─▒lmaz [C:\Antigravity Proje\KamatekCRM\KamatekCrm\KamatekCrm_wiagfzdx_wpftmp.csproj]
CSC : error CS5001: Program, giri┼ş noktas─▒ i├ğin uygun bir statik 'Main' y├Ântemi i├ğermiyor [C:\Antigravity Proje\KamatekCRM\KamatekCrm\KamatekCrm_wiagfzdx_wpftmp.csproj]
C:\Antigravity Proje\KamatekCRM\KamatekCrm\MainWindow.xaml.cs(13,13): error CS0103: 'InitializeComponent' ad─▒ ge├ğerli ba─şlamda yok [C:\Antigravity Proje\KamatekCRM\KamatekCrm\KamatekCrm_wiagfzdx_wpftmp.csproj]
C:\Antigravity Proje\KamatekCRM\KamatekCrm\Views\ServiceJobsView.xaml.cs(12,13): error CS0103: 'InitializeComponent' ad─▒ ge├ğerli ba─şlamda yok [C:\Antigravity Proje\KamatekCRM\KamatekCrm\KamatekCrm_wiagfzdx_wpftmp.csproj]
C:\Antigravity Proje\KamatekCRM\KamatekCrm\Views\AddProductWindow.xaml.cs(24,13): error CS0103: 'InitializeComponent' ad─▒ ge├ğerli ba─şlamda yok [C:\Antigravity Proje\KamatekCRM\KamatekCrm\KamatekCrm_wiagfzdx_wpftmp.csproj]
C:\Antigravity Proje\KamatekCRM\KamatekCrm\Views\ProjectWorkflowWindow.xaml.cs(13,13): error CS0103: 'InitializeComponent' ad─▒ ge├ğerli ba─şlamda yok [C:\Antigravity Proje\KamatekCRM\KamatekCrm\KamatekCrm_wiagfzdx_wpftmp.csproj]
C:\Antigravity Proje\KamatekCRM\KamatekCrm\Views\ProductsView.xaml.cs(12,13): error CS0103: 'InitializeComponent' ad─▒ ge├ğerli ba─şlamda yok [C:\Antigravity Proje\KamatekCRM\KamatekCrm\KamatekCrm_wiagfzdx_wpftmp.csproj]
C:\Antigravity Proje\KamatekCRM\KamatekCrm\Views\NewServiceJobWindow.xaml.cs(14,13): error CS0103: 'InitializeComponent' ad─▒ ge├ğerli ba─şlamda yok [C:\Antigravity Proje\KamatekCRM\KamatekCrm\KamatekCrm_wiagfzdx_wpftmp.csproj]
C:\Antigravity Proje\KamatekCRM\KamatekCrm\Views\NewServiceJobWindow.xaml.cs(20,13): error CS0103: 'InitializeComponent' ad─▒ ge├ğerli ba─şlamda yok [C:\Antigravity Proje\KamatekCRM\KamatekCrm\KamatekCrm_wiagfzdx_wpftmp.csproj]
C:\Antigravity Proje\KamatekCRM\KamatekCrm\Views\MainContentView.xaml.cs(12,13): error CS0103: 'InitializeComponent' ad─▒ ge├ğerli ba─şlamda yok [C:\Antigravity Proje\KamatekCRM\KamatekCrm\KamatekCrm_wiagfzdx_wpftmp.csproj]
C:\Antigravity Proje\KamatekCRM\KamatekCrm\Views\LoginView.xaml.cs(14,13): error CS0103: 'InitializeComponent' ad─▒ ge├ğerli ba─şlamda yok [C:\Antigravity Proje\KamatekCRM\KamatekCrm\KamatekCrm_wiagfzdx_wpftmp.csproj]
C:\Antigravity Proje\KamatekCRM\KamatekCrm\Views\LoginView.xaml.cs(17,33): error CS0103: 'UsernameTextBox' ad─▒ ge├ğerli ba─şlamda yok [C:\Antigravity Proje\KamatekCRM\KamatekCrm\KamatekCrm_wiagfzdx_wpftmp.csproj]
C:\Antigravity Proje\KamatekCRM\KamatekCrm\Views\LoginView.xaml.cs(27,38): error CS0120: 'PasswordBox.Password' statik olmayan alan─▒, y├Ântemi veya ├Âzelli─şi i├ğin nesne ba┼şvurusu gerekiyor [C:\Antigravity Proje\KamatekCRM\KamatekCrm\KamatekCrm_wiagfzdx_wpftmp.csproj]
C:\Antigravity Proje\KamatekCRM\KamatekCrm\Views\LoginView.xaml.cs(38,38): error CS0120: 'PasswordBox.Password' statik olmayan alan─▒, y├Ântemi veya ├Âzelli─şi i├ğin nesne ba┼şvurusu gerekiyor [C:\Antigravity Proje\KamatekCRM\KamatekCrm\KamatekCrm_wiagfzdx_wpftmp.csproj]
C:\Antigravity Proje\KamatekCRM\KamatekCrm\Views\CustomerDetailView.xaml.cs(14,13): error CS0103: 'InitializeComponent' ad─▒ ge├ğerli ba─şlamda yok [C:\Antigravity Proje\KamatekCRM\KamatekCrm\KamatekCrm_wiagfzdx_wpftmp.csproj]
C:\Antigravity Proje\KamatekCRM\KamatekCrm\Views\AddUserView.xaml.cs(13,13): error CS0103: 'InitializeComponent' ad─▒ ge├ğerli ba─şlamda yok [C:\Antigravity Proje\KamatekCRM\KamatekCrm\KamatekCrm_wiagfzdx_wpftmp.csproj]
C:\Antigravity Proje\KamatekCRM\KamatekCrm\Views\AddUserView.xaml.cs(22,33): error CS0103: 'AdTextBox' ad─▒ ge├ğerli ba─şlamda yok [C:\Antigravity Proje\KamatekCRM\KamatekCrm\KamatekCrm_wiagfzdx_wpftmp.csproj]
C:\Antigravity Proje\KamatekCRM\KamatekCrm\Views\AddUserView.xaml.cs(30,13): error CS0103: 'AdTextBox' ad─▒ ge├ğerli ba─şlamda yok [C:\Antigravity Proje\KamatekCRM\KamatekCrm\KamatekCrm_wiagfzdx_wpftmp.csproj]
C:\Antigravity Proje\KamatekCRM\KamatekCrm\Views\AddUserView.xaml.cs(31,13): error CS0103: 'AdTextBox' ad─▒ ge├ğerli ba─şlamda yok [C:\Antigravity Proje\KamatekCRM\KamatekCrm\KamatekCrm_wiagfzdx_wpftmp.csproj]
C:\Antigravity Proje\KamatekCRM\KamatekCrm\Views\FaultTicketWindow.xaml.cs(13,13): error CS0103: 'InitializeComponent' ad─▒ ge├ğerli ba─şlamda yok [C:\Antigravity Proje\KamatekCRM\KamatekCrm\KamatekCrm_wiagfzdx_wpftmp.csproj]
C:\Antigravity Proje\KamatekCRM\KamatekCrm\Views\CustomersView.xaml.cs(14,13): error CS0103: 'InitializeComponent' ad─▒ ge├ğerli ba─şlamda yok [C:\Antigravity Proje\KamatekCRM\KamatekCrm\KamatekCrm_wiagfzdx_wpftmp.csproj]
    9 Uyar─▒
    20 Hata

Ge├ğen S├╝re 00:00:01.86
